11:59:32:567 [main] INFO  testCases.TC001_AccountRegistrationTest - Clicked on MyAccount Link
12:13:27:813 [main] INFO  testCases.TC001_AccountRegistrationTest - *****Starting TC001_AccountRegistrationTest****
12:13:27:842 [main] INFO  testCases.TC001_AccountRegistrationTest - Clicked on MyAccount Link
12:13:27:971 [main] INFO  testCases.TC001_AccountRegistrationTest - Clicked on Register Link
12:13:28:568 [main] INFO  testCases.TC001_AccountRegistrationTest - Providing Customer Details
12:13:30:579 [main] INFO  testCases.TC001_AccountRegistrationTest - Validating expected message..
12:13:45:601 [main] ERROR testCases.TC001_AccountRegistrationTest - Test failed..
12:13:45:602 [main] DEBUG testCases.TC001_AccountRegistrationTest - Debug Logs..
12:13:45:605 [main] INFO  testCases.TC001_AccountRegistrationTest - *****Finished TC001_AccountRegistrationTest*****
12:17:09:946 [main] INFO  testCases.TC001_AccountRegistrationTest - *****Starting TC001_AccountRegistrationTest****
12:17:10:004 [main] INFO  testCases.TC001_AccountRegistrationTest - Clicked on MyAccount Link
12:17:10:131 [main] INFO  testCases.TC001_AccountRegistrationTest - Clicked on Register Link
12:17:11:416 [main] INFO  testCases.TC001_AccountRegistrationTest - Providing Customer Details
12:17:13:783 [main] INFO  testCases.TC001_AccountRegistrationTest - Validating expected message..
12:17:28:839 [main] ERROR testCases.TC001_AccountRegistrationTest - Test failed..
12:17:28:839 [main] DEBUG testCases.TC001_AccountRegistrationTest - Debug Logs..
12:17:28:839 [main] INFO  testCases.TC001_AccountRegistrationTest - *****Finished TC001_AccountRegistrationTest*****
12:21:27:957 [main] INFO  testCases.TC001_AccountRegistrationTest - *****Starting TC001_AccountRegistrationTest****
12:21:28:004 [main] INFO  testCases.TC001_AccountRegistrationTest - Clicked on MyAccount Link
12:21:28:183 [main] INFO  testCases.TC001_AccountRegistrationTest - Clicked on Register Link
12:21:29:171 [main] INFO  testCases.TC001_AccountRegistrationTest - Providing Customer Details
12:21:30:956 [main] INFO  testCases.TC001_AccountRegistrationTest - Validating expected message..
12:21:46:013 [main] ERROR testCases.TC001_AccountRegistrationTest - Test failed..
12:21:46:029 [main] INFO  testCases.TC001_AccountRegistrationTest - *****Finished TC001_AccountRegistrationTest*****
12:22:52:482 [main] INFO  testCases.TC001_AccountRegistrationTest - *****Starting TC001_AccountRegistrationTest****
12:22:52:545 [main] INFO  testCases.TC001_AccountRegistrationTest - Clicked on MyAccount Link
12:22:52:692 [main] INFO  testCases.TC001_AccountRegistrationTest - Clicked on Register Link
12:22:53:308 [main] INFO  testCases.TC001_AccountRegistrationTest - Providing Customer Details
12:22:54:991 [main] INFO  testCases.TC001_AccountRegistrationTest - Validating expected message..
12:23:10:051 [main] ERROR testCases.TC001_AccountRegistrationTest - Test failed..
12:23:10:051 [main] INFO  testCases.TC001_AccountRegistrationTest - *****Finished TC001_AccountRegistrationTest*****
12:31:14:169 [main] INFO  testCases.TC001_AccountRegistrationTest - *****Starting TC001_AccountRegistrationTest****
12:31:14:374 [main] INFO  testCases.TC001_AccountRegistrationTest - Clicked on MyAccount Link
12:31:15:088 [main] INFO  testCases.TC001_AccountRegistrationTest - Clicked on Register Link
12:31:17:278 [main] INFO  testCases.TC001_AccountRegistrationTest - Providing Customer Details
12:31:24:779 [main] INFO  testCases.TC001_AccountRegistrationTest - Validating expected message..
12:31:39:883 [main] ERROR testCases.TC001_AccountRegistrationTest - Test failed..
12:31:39:898 [main] INFO  testCases.TC001_AccountRegistrationTest - *****Finished TC001_AccountRegistrationTest*****
12:39:05:941 [main] INFO  testCases.TC001_AccountRegistrationTest - ====== Starting test execution on browser: chrome ======
12:39:08:080 [main] INFO  testCases.TC001_AccountRegistrationTest - Application launched: https://tutorialsninja.com/demo/
12:39:14:793 [main] INFO  testCases.TC001_AccountRegistrationTest - *****Starting TC001_AccountRegistrationTest****
12:39:14:819 [main] INFO  testCases.TC001_AccountRegistrationTest - Clicked on MyAccount Link
12:39:15:020 [main] INFO  testCases.TC001_AccountRegistrationTest - Clicked on Register Link
12:39:15:897 [main] INFO  testCases.TC001_AccountRegistrationTest - Providing Customer Details
12:39:17:595 [main] INFO  testCases.TC001_AccountRegistrationTest - Validating expected message..
12:39:32:641 [main] ERROR testCases.TC001_AccountRegistrationTest - Test failed..
12:39:32:660 [main] INFO  testCases.TC001_AccountRegistrationTest - *****Finished TC001_AccountRegistrationTest*****
12:39:32:670 [main] INFO  testCases.TC001_AccountRegistrationTest - ====== Test execution completed, closing browser ======
12:42:30:340 [TestNG-tests-3] INFO  testCases.TC001_AccountRegistrationTest - ====== Starting test execution on browser: firefox ======
12:42:32:367 [TestNG-tests-1] INFO  testCases.TC001_AccountRegistrationTest - Application launched: https://tutorialsninja.com/demo/
12:42:36:273 [TestNG-tests-3] INFO  testCases.TC001_AccountRegistrationTest - Application launched: https://tutorialsninja.com/demo/
12:42:39:173 [TestNG-tests-1] INFO  testCases.TC001_AccountRegistrationTest - *****Starting TC001_AccountRegistrationTest****
12:42:39:328 [TestNG-tests-1] INFO  testCases.TC001_AccountRegistrationTest - Clicked on MyAccount Link
12:42:40:486 [TestNG-tests-1] INFO  testCases.TC001_AccountRegistrationTest - Clicked on Register Link
12:42:40:539 [TestNG-tests-2] INFO  testCases.TC001_AccountRegistrationTest - Application launched: https://tutorialsninja.com/demo/
12:42:41:691 [TestNG-tests-1] INFO  testCases.TC001_AccountRegistrationTest - Providing Customer Details
12:42:43:348 [TestNG-tests-3] INFO  testCases.TC001_AccountRegistrationTest - *****Starting TC001_AccountRegistrationTest****
12:42:43:348 [TestNG-tests-3] INFO  testCases.TC001_AccountRegistrationTest - Clicked on MyAccount Link
12:42:43:435 [TestNG-tests-1] INFO  testCases.TC001_AccountRegistrationTest - Validating expected message..
12:42:43:651 [TestNG-tests-3] INFO  testCases.TC001_AccountRegistrationTest - Clicked on Register Link
12:42:44:332 [TestNG-tests-3] INFO  testCases.TC001_AccountRegistrationTest - Providing Customer Details
12:42:45:538 [TestNG-tests-3] INFO  testCases.TC001_AccountRegistrationTest - Validating expected message..
12:42:47:168 [TestNG-tests-2] INFO  testCases.TC001_AccountRegistrationTest - *****Starting TC001_AccountRegistrationTest****
12:42:47:168 [TestNG-tests-2] INFO  testCases.TC001_AccountRegistrationTest - Clicked on MyAccount Link
12:42:47:355 [TestNG-tests-2] INFO  testCases.TC001_AccountRegistrationTest - Clicked on Register Link
12:42:48:472 [TestNG-tests-2] INFO  testCases.TC001_AccountRegistrationTest - Providing Customer Details
12:42:50:489 [TestNG-tests-2] INFO  testCases.TC001_AccountRegistrationTest - Validating expected message..
12:42:58:460 [TestNG-tests-1] ERROR testCases.TC001_AccountRegistrationTest - Test failed..
12:42:58:476 [TestNG-tests-1] INFO  testCases.TC001_AccountRegistrationTest - *****Finished TC001_AccountRegistrationTest*****
12:42:58:476 [TestNG-tests-1] INFO  testCases.TC001_AccountRegistrationTest - ====== Test execution completed, closing browser ======
12:43:00:556 [TestNG-tests-3] ERROR testCases.TC001_AccountRegistrationTest - Test failed..
12:43:00:556 [TestNG-tests-3] INFO  testCases.TC001_AccountRegistrationTest - *****Finished TC001_AccountRegistrationTest*****
12:43:00:564 [TestNG-tests-3] INFO  testCases.TC001_AccountRegistrationTest - ====== Test execution completed, closing browser ======
12:43:05:532 [TestNG-tests-2] ERROR testCases.TC001_AccountRegistrationTest - Test failed..
12:43:05:532 [TestNG-tests-2] INFO  testCases.TC001_AccountRegistrationTest - *****Finished TC001_AccountRegistrationTest*****
12:43:05:532 [TestNG-tests-2] INFO  testCases.TC001_AccountRegistrationTest - ====== Test execution completed, closing browser ======
14:55:07:143 [main] INFO  testCases.TC001_AccountRegistrationTest - ====== Starting test execution on browser: chrome ======
14:55:22:196 [main] INFO  testCases.TC001_AccountRegistrationTest - Application launched: https://tutorialsninja.com/demo/
14:55:29:503 [main] INFO  testCases.TC001_AccountRegistrationTest - *****Starting TC001_AccountRegistrationTest****
14:55:29:523 [main] INFO  testCases.TC001_AccountRegistrationTest - Clicked on MyAccount Link
14:55:29:599 [main] INFO  testCases.TC001_AccountRegistrationTest - Clicked on Register Link
14:55:30:395 [main] INFO  testCases.TC001_AccountRegistrationTest - Providing Customer Details
14:55:31:480 [main] INFO  testCases.TC001_AccountRegistrationTest - Validating expected message..
14:55:46:502 [main] ERROR testCases.TC001_AccountRegistrationTest - Test failed.. Actual message : no such element: Unable to locate element: {"method":"xpath","selector":"//h1[normalize-space()='Your Account Has Been Created!!']"}
  (Session info: chrome=135.0.7049.115)
For documentation on this error, please visit: https://www.selenium.dev/documentation/webdriver/troubleshooting/errors#no-such-element-exception
Build info: version: '4.29.0', revision: '5fc1ec94cb'
System info: os.name: 'Windows 10', os.arch: 'amd64', os.version: '10.0', java.version: '17.0.1'
Driver info: org.openqa.selenium.chrome.ChromeDriver
Command: [d604068649a7f289423722b0a76ba522, findElement {using=xpath, value=//h1[normalize-space()='Your Account Has Been Created!!']}]
Capabilities {acceptInsecureCerts: false, browserName: chrome, browserVersion: 135.0.7049.115, chrome: {chromedriverVersion: 135.0.7049.114 (63fd8a7d9d0..., userDataDir: C:\Users\91726\AppData\Loca...}, fedcm:accounts: true, goog:chromeOptions: {debuggerAddress: localhost:61868}, networkConnectionEnabled: false, pageLoadStrategy: normal, platformName: windows, proxy: Proxy(), se:cdp: ws://localhost:61868/devtoo..., se:cdpVersion: 135.0.7049.115, setWindowRect: true, strictFileInteractability: false, timeouts: {implicit: 0, pageLoad: 300000, script: 30000}, unhandledPromptBehavior: dismiss and notify, webauthn:extension:credBlob: true, webauthn:extension:largeBlob: true, webauthn:extension:minPinLength: true, webauthn:extension:prf: true, webauthn:virtualAuthenticators: true}
Session ID: d604068649a7f289423722b0a76ba522
14:55:46:509 [main] INFO  testCases.TC001_AccountRegistrationTest - ====== Test execution completed, closing browser ======
14:56:42:567 [main] INFO  testCases.TC001_AccountRegistrationTest - ====== Starting test execution on browser: chrome ======
14:56:44:242 [main] INFO  testCases.TC001_AccountRegistrationTest - Application launched: https://tutorialsninja.com/demo/
14:56:52:410 [main] INFO  testCases.TC001_AccountRegistrationTest - *****Starting TC001_AccountRegistrationTest****
14:56:52:457 [main] INFO  testCases.TC001_AccountRegistrationTest - Clicked on MyAccount Link
14:56:52:552 [main] INFO  testCases.TC001_AccountRegistrationTest - Clicked on Register Link
14:56:53:083 [main] INFO  testCases.TC001_AccountRegistrationTest - Providing Customer Details
14:56:54:192 [main] INFO  testCases.TC001_AccountRegistrationTest - Validating expected message..
14:56:54:235 [main] INFO  testCases.TC001_AccountRegistrationTest - *****Finished TC001_AccountRegistrationTest*****
14:56:54:242 [main] INFO  testCases.TC001_AccountRegistrationTest - ====== Test execution completed, closing browser ======
13:14:55:478 [main] INFO  testCases.TC002_LoginTest - ====== Starting test execution on browser: chrome ======
13:15:05:054 [main] INFO  testCases.TC002_LoginTest - Application launched: https://tutorialsninja.com/demo/
13:15:14:637 [main] INFO  testCases.TC002_LoginTest - *****Starting TC002_LoginTest*****
13:15:19:131 [main] INFO  testCases.TC002_LoginTest - *****Finished TC002_LoginTest*****
13:15:19:144 [main] INFO  testCases.TC002_LoginTest - ====== Test execution completed, closing browser ======
13:17:26:222 [main] INFO  testCases.TC002_LoginTest - ====== Starting test execution on browser: chrome ======
13:17:29:157 [main] INFO  testCases.TC002_LoginTest - Application launched: https://tutorialsninja.com/demo/
18:40:23:972 [main] INFO  testCases.TC003_LoginDDT - ====== Starting test execution on browser: chrome ======
18:41:10:708 [main] INFO  testCases.TC003_LoginDDT - Application launched: https://tutorialsninja.com/demo/
18:41:43:325 [main] INFO  testCases.TC003_LoginDDT - ******Starting TC003_LoginDDT******
18:42:03:728 [main] INFO  testCases.TC003_LoginDDT - ******Starting TC003_LoginDDT******
18:42:21:968 [main] INFO  testCases.TC003_LoginDDT - ******Finished TC003_LoginDDT******
18:42:21:984 [main] INFO  testCases.TC003_LoginDDT - ******Starting TC003_LoginDDT******
18:42:40:536 [main] INFO  testCases.TC003_LoginDDT - ******Finished TC003_LoginDDT******
18:42:40:551 [main] INFO  testCases.TC003_LoginDDT - ******Starting TC003_LoginDDT******
18:42:58:729 [main] INFO  testCases.TC003_LoginDDT - ******Finished TC003_LoginDDT******
18:42:58:729 [main] INFO  testCases.TC003_LoginDDT - ******Starting TC003_LoginDDT******
18:43:19:609 [main] INFO  testCases.TC003_LoginDDT - ====== Test execution completed, closing browser ======
11:29:57:353 [main] INFO  testCases.TC002_LoginTest - ====== Starting test execution on browser: chrome ======
11:30:23:840 [main] INFO  testCases.TC002_LoginTest - Application launched: https://tutorialsninja.com/demo/
11:30:34:235 [main] INFO  testCases.TC002_LoginTest - *****Starting TC002_LoginTest*****
11:30:36:802 [main] INFO  testCases.TC002_LoginTest - *****Finished TC002_LoginTest*****
11:30:36:810 [main] INFO  testCases.TC002_LoginTest - ====== Test execution completed, closing browser ======
11:50:22:099 [main] INFO  testCases.TC002_LoginTest - ====== Starting test execution on browser: chrome ======
11:50:24:385 [main] INFO  testCases.TC002_LoginTest - Application launched: https://tutorialsninja.com/demo/
11:50:34:527 [main] INFO  testCases.TC002_LoginTest - *****Starting TC002_LoginTest*****
11:50:36:336 [main] INFO  testCases.TC002_LoginTest - *****Finished TC002_LoginTest*****
11:50:36:365 [main] INFO  testCases.TC002_LoginTest - ====== Test execution completed, closing browser ======
17:11:35:642 [main] INFO  testCases.TC002_LoginTest - ====== Starting test execution on browser: chrome ======
17:12:08:062 [main] INFO  testCases.TC002_LoginTest - Application launched: https://tutorialsninja.com/demo/
17:12:17:811 [main] INFO  testCases.TC002_LoginTest - *****Starting TC002_LoginTest*****
17:12:19:891 [main] INFO  testCases.TC002_LoginTest - *****Finished TC002_LoginTest*****
17:12:19:913 [main] INFO  testCases.TC002_LoginTest - ====== Test execution completed, closing browser ======
17:16:17:743 [main] INFO  testCases.TC001_AccountRegistrationTest - ====== Starting test execution on browser: chrome ======
17:16:20:021 [main] INFO  testCases.TC001_AccountRegistrationTest - Application launched: https://tutorialsninja.com/demo/
17:16:34:963 [main] INFO  testCases.TC001_AccountRegistrationTest - *****Starting TC001_AccountRegistrationTest****
17:16:34:991 [main] INFO  testCases.TC001_AccountRegistrationTest - Clicked on MyAccount Link
17:16:35:182 [main] INFO  testCases.TC001_AccountRegistrationTest - Clicked on Register Link
17:16:37:808 [main] INFO  testCases.TC001_AccountRegistrationTest - Providing Customer Details
17:16:40:438 [main] INFO  testCases.TC001_AccountRegistrationTest - Validating expected message..
17:16:40:507 [main] INFO  testCases.TC001_AccountRegistrationTest - *****Finished TC001_AccountRegistrationTest*****
17:16:40:545 [main] INFO  testCases.TC001_AccountRegistrationTest - ====== Test execution completed, closing browser ======
17:16:40:882 [main] INFO  testCases.TC002_LoginTest - ====== Starting test execution on browser: chrome ======
17:16:42:260 [main] INFO  testCases.TC002_LoginTest - Application launched: https://tutorialsninja.com/demo/
17:16:53:855 [main] INFO  testCases.TC002_LoginTest - *****Starting TC002_LoginTest*****
17:16:57:320 [main] INFO  testCases.TC002_LoginTest - *****Finished TC002_LoginTest*****
17:16:57:323 [main] INFO  testCases.TC002_LoginTest - ====== Test execution completed, closing browser ======
17:25:33:166 [main] INFO  testCases.TC001_AccountRegistrationTest - ====== Starting test execution on browser: chrome ======
17:25:35:125 [main] INFO  testCases.TC001_AccountRegistrationTest - Application launched: https://tutorialsninja.com/demo/
17:25:47:280 [main] INFO  testCases.TC001_AccountRegistrationTest - *****Starting TC001_AccountRegistrationTest****
17:25:47:306 [main] INFO  testCases.TC001_AccountRegistrationTest - Clicked on MyAccount Link
17:25:47:470 [main] INFO  testCases.TC001_AccountRegistrationTest - Clicked on Register Link
17:25:49:733 [main] INFO  testCases.TC001_AccountRegistrationTest - Providing Customer Details
17:25:51:861 [main] INFO  testCases.TC001_AccountRegistrationTest - Validating expected message..
17:25:51:930 [main] INFO  testCases.TC001_AccountRegistrationTest - *****Finished TC001_AccountRegistrationTest*****
17:25:51:951 [main] INFO  testCases.TC001_AccountRegistrationTest - ====== Test execution completed, closing browser ======
17:25:52:265 [main] INFO  testCases.TC002_LoginTest - ====== Starting test execution on browser: chrome ======
17:25:53:521 [main] INFO  testCases.TC002_LoginTest - Application launched: https://tutorialsninja.com/demo/
17:26:00:925 [main] INFO  testCases.TC002_LoginTest - *****Starting TC002_LoginTest*****
17:26:17:199 [main] INFO  testCases.TC002_LoginTest - ====== Test execution completed, closing browser ======
17:27:23:349 [main] INFO  testCases.TC001_AccountRegistrationTest - ====== Starting test execution on browser: chrome ======
17:27:25:035 [main] INFO  testCases.TC001_AccountRegistrationTest - Application launched: https://tutorialsninja.com/demo/
17:27:52:151 [main] INFO  testCases.TC001_AccountRegistrationTest - *****Starting TC001_AccountRegistrationTest****
17:27:52:168 [main] INFO  testCases.TC001_AccountRegistrationTest - Clicked on MyAccount Link
17:27:52:253 [main] INFO  testCases.TC001_AccountRegistrationTest - Clicked on Register Link
17:27:54:574 [main] INFO  testCases.TC001_AccountRegistrationTest - Providing Customer Details
17:27:56:301 [main] INFO  testCases.TC001_AccountRegistrationTest - Validating expected message..
17:27:56:347 [main] INFO  testCases.TC001_AccountRegistrationTest - *****Finished TC001_AccountRegistrationTest*****
17:27:56:370 [main] INFO  testCases.TC001_AccountRegistrationTest - ====== Test execution completed, closing browser ======
17:27:56:741 [main] INFO  testCases.TC002_LoginTest - ====== Starting test execution on browser: chrome ======
17:27:58:149 [main] INFO  testCases.TC002_LoginTest - Application launched: https://tutorialsninja.com/demo/
17:28:06:967 [main] INFO  testCases.TC002_LoginTest - *****Starting TC002_LoginTest*****
17:28:23:204 [main] INFO  testCases.TC002_LoginTest - ====== Test execution completed, closing browser ======
17:30:57:372 [main] INFO  testCases.TC002_LoginTest - ====== Starting test execution on browser: chrome ======
17:30:59:314 [main] INFO  testCases.TC002_LoginTest - Application launched: https://tutorialsninja.com/demo/
17:31:08:221 [main] INFO  testCases.TC002_LoginTest - *****Starting TC002_LoginTest*****
17:31:10:690 [main] INFO  testCases.TC002_LoginTest - *****Finished TC002_LoginTest*****
17:31:10:699 [main] INFO  testCases.TC002_LoginTest - ====== Test execution completed, closing browser ======
17:41:00:202 [main] INFO  testCases.TC001_AccountRegistrationTest - ====== Starting test execution on browser: chrome ======
17:41:02:590 [main] INFO  testCases.TC001_AccountRegistrationTest - Application launched: https://tutorialsninja.com/demo/
17:41:19:285 [main] INFO  testCases.TC001_AccountRegistrationTest - *****Starting TC001_AccountRegistrationTest****
17:41:19:310 [main] INFO  testCases.TC001_AccountRegistrationTest - Clicked on MyAccount Link
17:41:19:442 [main] INFO  testCases.TC001_AccountRegistrationTest - Clicked on Register Link
17:41:20:105 [main] INFO  testCases.TC001_AccountRegistrationTest - Providing Customer Details
17:41:21:743 [main] INFO  testCases.TC001_AccountRegistrationTest - Validating expected message..
17:41:21:778 [main] INFO  testCases.TC001_AccountRegistrationTest - *****Finished TC001_AccountRegistrationTest*****
17:41:21:800 [main] INFO  testCases.TC001_AccountRegistrationTest - ====== Test execution completed, closing browser ======
17:41:22:087 [main] INFO  testCases.TC002_LoginTest - ====== Starting test execution on browser: chrome ======
17:41:23:393 [main] INFO  testCases.TC002_LoginTest - Application launched: https://tutorialsninja.com/demo/
17:41:30:551 [main] INFO  testCases.TC002_LoginTest - *****Starting TC002_LoginTest*****
17:41:32:482 [main] INFO  testCases.TC002_LoginTest - *****Finished TC002_LoginTest*****
17:41:32:486 [main] INFO  testCases.TC002_LoginTest - ====== Test execution completed, closing browser ======
17:00:55:564 [main] INFO  testCases.TC001_AccountRegistrationTest - ====== Starting test execution on browser: chrome ======
17:00:55:586 [main] INFO  testCases.TC001_AccountRegistrationTest - *****Starting TC001_AccountRegistrationTest****
17:00:55:614 [main] INFO  testCases.TC001_AccountRegistrationTest - Clicked on MyAccount Link
17:00:55:615 [main] ERROR testCases.TC001_AccountRegistrationTest - Exception occured : Cannot invoke "org.openqa.selenium.SearchContext.findElement(org.openqa.selenium.By)" because "this.searchContext" is null
17:00:55:626 [main] INFO  testCases.TC001_AccountRegistrationTest - ====== Test execution completed, closing browser ======
17:00:55:635 [main] INFO  testCases.TC002_LoginTest - ====== Starting test execution on browser: chrome ======
17:00:55:638 [main] INFO  testCases.TC002_LoginTest - *****Starting TC002_LoginTest*****
17:00:55:641 [main] INFO  testCases.TC002_LoginTest - ====== Test execution completed, closing browser ======
17:05:41:827 [main] INFO  testCases.TC001_AccountRegistrationTest - ====== Starting test execution on browser: chrome ======
17:05:41:848 [main] INFO  testCases.TC001_AccountRegistrationTest - *****Starting TC001_AccountRegistrationTest****
17:05:41:884 [main] INFO  testCases.TC001_AccountRegistrationTest - Clicked on MyAccount Link
17:05:41:885 [main] ERROR testCases.TC001_AccountRegistrationTest - Exception occured : Cannot invoke "org.openqa.selenium.SearchContext.findElement(org.openqa.selenium.By)" because "this.searchContext" is null
17:05:41:902 [main] INFO  testCases.TC001_AccountRegistrationTest - ====== Test execution completed, closing browser ======
17:05:41:913 [main] INFO  testCases.TC002_LoginTest - ====== Starting test execution on browser: chrome ======
17:05:41:916 [main] INFO  testCases.TC002_LoginTest - *****Starting TC002_LoginTest*****
17:05:41:925 [main] INFO  testCases.TC002_LoginTest - ====== Test execution completed, closing browser ======
17:14:54:343 [main] INFO  testCases.TC001_AccountRegistrationTest - ====== Starting test execution on browser: chrome ======
17:14:54:360 [main] INFO  testCases.TC001_AccountRegistrationTest - *****Starting TC001_AccountRegistrationTest****
17:14:54:383 [main] INFO  testCases.TC001_AccountRegistrationTest - Clicked on MyAccount Link
17:14:54:384 [main] ERROR testCases.TC001_AccountRegistrationTest - Exception occured : Cannot invoke "org.openqa.selenium.SearchContext.findElement(org.openqa.selenium.By)" because "this.searchContext" is null
17:14:54:397 [main] INFO  testCases.TC001_AccountRegistrationTest - ====== Test execution completed, closing browser ======
17:14:54:405 [main] INFO  testCases.TC002_LoginTest - ====== Starting test execution on browser: chrome ======
17:14:54:408 [main] INFO  testCases.TC002_LoginTest - *****Starting TC002_LoginTest*****
17:14:54:413 [main] INFO  testCases.TC002_LoginTest - ====== Test execution completed, closing browser ======
17:21:50:772 [main] INFO  testCases.TC001_AccountRegistrationTest - ====== Starting test execution on browser: chrome ======
17:22:15:700 [main] INFO  testCases.TC001_AccountRegistrationTest - Application launched: https://tutorialsninja.com/demo/
17:22:22:189 [main] INFO  testCases.TC001_AccountRegistrationTest - *****Starting TC001_AccountRegistrationTest****
17:22:22:236 [main] INFO  testCases.TC001_AccountRegistrationTest - Clicked on MyAccount Link
17:22:22:414 [main] INFO  testCases.TC001_AccountRegistrationTest - Clicked on Register Link
17:22:22:961 [main] INFO  testCases.TC001_AccountRegistrationTest - Providing Customer Details
17:22:24:400 [main] INFO  testCases.TC001_AccountRegistrationTest - Validating expected message..
17:22:24:460 [main] INFO  testCases.TC001_AccountRegistrationTest - *****Finished TC001_AccountRegistrationTest*****
17:22:24:479 [main] INFO  testCases.TC001_AccountRegistrationTest - ====== Test execution completed, closing browser ======
17:22:24:756 [main] INFO  testCases.TC002_LoginTest - ====== Starting test execution on browser: chrome ======
17:22:26:064 [main] INFO  testCases.TC002_LoginTest - Application launched: https://tutorialsninja.com/demo/
17:22:35:134 [main] INFO  testCases.TC002_LoginTest - *****Starting TC002_LoginTest*****
17:22:37:927 [main] INFO  testCases.TC002_LoginTest - *****Finished TC002_LoginTest*****
17:22:37:931 [main] INFO  testCases.TC002_LoginTest - ====== Test execution completed, closing browser ======
17:23:48:463 [main] INFO  testCases.TC001_AccountRegistrationTest - ====== Starting test execution on browser: chrome ======
17:23:50:437 [main] INFO  testCases.TC001_AccountRegistrationTest - Application launched: https://tutorialsninja.com/demo/
17:23:58:351 [main] INFO  testCases.TC001_AccountRegistrationTest - *****Starting TC001_AccountRegistrationTest****
17:23:58:398 [main] INFO  testCases.TC001_AccountRegistrationTest - Clicked on MyAccount Link
17:23:58:536 [main] INFO  testCases.TC001_AccountRegistrationTest - Clicked on Register Link
17:23:59:142 [main] INFO  testCases.TC001_AccountRegistrationTest - Providing Customer Details
17:24:00:778 [main] INFO  testCases.TC001_AccountRegistrationTest - Validating expected message..
17:24:00:836 [main] INFO  testCases.TC001_AccountRegistrationTest - *****Finished TC001_AccountRegistrationTest*****
17:24:00:842 [main] INFO  testCases.TC001_AccountRegistrationTest - ====== Test execution completed, closing browser ======
17:24:01:165 [main] INFO  testCases.TC002_LoginTest - ====== Starting test execution on browser: chrome ======
17:24:02:457 [main] INFO  testCases.TC002_LoginTest - Application launched: https://tutorialsninja.com/demo/
17:24:10:691 [main] INFO  testCases.TC002_LoginTest - *****Starting TC002_LoginTest*****
17:24:13:026 [main] INFO  testCases.TC002_LoginTest - *****Finished TC002_LoginTest*****
17:24:13:029 [main] INFO  testCases.TC002_LoginTest - ====== Test execution completed, closing browser ======
17:30:37:309 [main] INFO  testCases.TC001_AccountRegistrationTest - ====== Starting test execution on browser: chrome ======
17:33:38:009 [main] INFO  testCases.TC002_LoginTest - ====== Starting test execution on browser: chrome ======
17:40:45:349 [main] INFO  testCases.TC001_AccountRegistrationTest - ====== Starting test execution on browser: chrome ======
17:43:46:003 [main] INFO  testCases.TC002_LoginTest - ====== Starting test execution on browser: chrome ======
18:00:36:151 [main] INFO  testCases.TC001_AccountRegistrationTest - ====== Starting test execution on browser: chrome ======
18:03:36:756 [main] INFO  testCases.TC002_LoginTest - ====== Starting test execution on browser: chrome ======
13:40:13:456 [main] INFO  testCases.TC001_AccountRegistrationTest - ====== Starting test execution on browser: chrome ======
13:40:19:517 [main] INFO  testCases.TC001_AccountRegistrationTest - Application launched: https://tutorialsninja.com/demo/
13:40:26:963 [main] INFO  testCases.TC001_AccountRegistrationTest - *****Starting TC001_AccountRegistrationTest****
13:40:27:001 [main] INFO  testCases.TC001_AccountRegistrationTest - Clicked on MyAccount Link
13:40:27:288 [main] INFO  testCases.TC001_AccountRegistrationTest - Clicked on Register Link
13:40:28:460 [main] INFO  testCases.TC001_AccountRegistrationTest - Providing Customer Details
13:40:30:430 [main] INFO  testCases.TC001_AccountRegistrationTest - Validating expected message..
13:40:30:528 [main] INFO  testCases.TC001_AccountRegistrationTest - *****Finished TC001_AccountRegistrationTest*****
13:40:30:551 [main] INFO  testCases.TC001_AccountRegistrationTest - ====== Test execution completed, closing browser ======
13:40:30:653 [main] INFO  testCases.TC002_LoginTest - ====== Starting test execution on browser: chrome ======
13:40:31:295 [main] INFO  testCases.TC002_LoginTest - Application launched: https://tutorialsninja.com/demo/
13:40:37:680 [main] INFO  testCases.TC002_LoginTest - *****Starting TC002_LoginTest*****
13:40:39:646 [main] INFO  testCases.TC002_LoginTest - *****Finished TC002_LoginTest*****
13:40:39:649 [main] INFO  testCases.TC002_LoginTest - ====== Test execution completed, closing browser ======
13:44:11:148 [main] INFO  testCases.TC001_AccountRegistrationTest - ====== Starting test execution on browser: chrome ======
13:44:12:608 [main] INFO  testCases.TC001_AccountRegistrationTest - Application launched: https://tutorialsninja.com/demo/
13:44:22:246 [main] INFO  testCases.TC001_AccountRegistrationTest - *****Starting TC001_AccountRegistrationTest****
13:44:22:261 [main] INFO  testCases.TC001_AccountRegistrationTest - Clicked on MyAccount Link
13:44:22:393 [main] INFO  testCases.TC001_AccountRegistrationTest - Clicked on Register Link
13:44:24:070 [main] INFO  testCases.TC001_AccountRegistrationTest - Providing Customer Details
13:44:26:277 [main] INFO  testCases.TC001_AccountRegistrationTest - Validating expected message..
13:44:26:351 [main] INFO  testCases.TC001_AccountRegistrationTest - *****Finished TC001_AccountRegistrationTest*****
13:44:26:359 [main] INFO  testCases.TC001_AccountRegistrationTest - ====== Test execution completed, closing browser ======
13:44:26:464 [main] INFO  testCases.TC002_LoginTest - ====== Starting test execution on browser: chrome ======
13:44:27:034 [main] INFO  testCases.TC002_LoginTest - Application launched: https://tutorialsninja.com/demo/
13:44:33:493 [main] INFO  testCases.TC002_LoginTest - *****Starting TC002_LoginTest*****
13:44:34:931 [main] INFO  testCases.TC002_LoginTest - *****Finished TC002_LoginTest*****
13:44:34:935 [main] INFO  testCases.TC002_LoginTest - ====== Test execution completed, closing browser ======
13:44:36:394 [main] INFO  testCases.TC001_AccountRegistrationTest - ====== Starting test execution on browser: firefox ======
13:44:42:655 [main] INFO  testCases.TC001_AccountRegistrationTest - Application launched: https://tutorialsninja.com/demo/
13:44:52:084 [main] INFO  testCases.TC001_AccountRegistrationTest - *****Starting TC001_AccountRegistrationTest****
13:44:52:084 [main] INFO  testCases.TC001_AccountRegistrationTest - Clicked on MyAccount Link
13:44:52:392 [main] INFO  testCases.TC001_AccountRegistrationTest - Clicked on Register Link
13:44:52:974 [main] INFO  testCases.TC001_AccountRegistrationTest - Providing Customer Details
13:44:54:482 [main] INFO  testCases.TC001_AccountRegistrationTest - Validating expected message..
13:44:54:533 [main] INFO  testCases.TC001_AccountRegistrationTest - *****Finished TC001_AccountRegistrationTest*****
13:44:54:534 [main] INFO  testCases.TC001_AccountRegistrationTest - ====== Test execution completed, closing browser ======
13:44:55:495 [main] INFO  testCases.TC002_LoginTest - ====== Starting test execution on browser: firefox ======
13:44:57:726 [main] INFO  testCases.TC002_LoginTest - Application launched: https://tutorialsninja.com/demo/
13:45:06:955 [main] INFO  testCases.TC002_LoginTest - *****Starting TC002_LoginTest*****
13:45:09:956 [main] INFO  testCases.TC002_LoginTest - *****Finished TC002_LoginTest*****
13:45:09:960 [main] INFO  testCases.TC002_LoginTest - ====== Test execution completed, closing browser ======
16:29:46:368 [main] INFO  testCases.TC001_AccountRegistrationTest - ====== Starting test execution on browser: chrome ======
16:29:51:125 [main] INFO  testCases.TC002_LoginTest - ====== Starting test execution on browser: chrome ======
11:26:35:594 [main] INFO  testCases.TC001_AccountRegistrationTest - ====== Starting test execution on browser: chrome ======
11:26:40:333 [main] INFO  testCases.TC002_LoginTest - ====== Starting test execution on browser: chrome ======
12:29:28:102 [main] INFO  testCases.TC001_AccountRegistrationTest - ====== Starting test execution on browser: chrome ======
12:29:32:948 [main] INFO  testCases.TC002_LoginTest - ====== Starting test execution on browser: chrome ======
12:33:07:175 [main] INFO  testCases.TC001_AccountRegistrationTest - ====== Starting test execution on browser: chrome ======
12:33:11:897 [main] INFO  testCases.TC002_LoginTest - ====== Starting test execution on browser: chrome ======
12:35:34:889 [main] INFO  testCases.TC001_AccountRegistrationTest - ====== Starting test execution on browser: chrome ======
12:35:39:538 [main] INFO  testCases.TC002_LoginTest - ====== Starting test execution on browser: chrome ======
12:01:46:913 [main] INFO  testCases.TC001_AccountRegistrationTest - ====== Starting test execution on browser: chrome ======
12:01:51:832 [main] INFO  testCases.TC002_LoginTest - ====== Starting test execution on browser: chrome ======
12:11:39:515 [main] INFO  testCases.TC001_AccountRegistrationTest - ====== Starting test execution on browser: chrome ======
12:11:44:293 [main] INFO  testCases.TC002_LoginTest - ====== Starting test execution on browser: chrome ======
